Build started 2014/6/17 11:00:20.
     1>Project "D:\cocos2d-x-2.2.3\cocos2d-x-2.2.3\projects\AStartPathFind\proj.win32\AStartPathFind.vcxproj" on node 2 (Build target(s)).
     1>ClCompile:
         E:\Program Files\Microsoft Visual Studio 11.0\VC\bin\CL.exe /c /I"D:\cocos2d-x-2.2.3\cocos2d-x-2.2.3\projects\AStartPathFind\proj.win32\..\..\..\cocos2dx" /I"D:\cocos2d-x-2.2.3\cocos2d-x-2.2.3\projects\AStartPathFind\proj.win32\..\..\..\cocos2dx\include" /I"D:\cocos2d-x-2.2.3\cocos2d-x-2.2.3\projects\AStartPathFind\proj.win32\..\..\..\cocos2dx\kazmath\include" /I"D:\cocos2d-x-2.2.3\cocos2d-x-2.2.3\projects\AStartPathFind\proj.win32\..\..\..\cocos2dx\platform\win32" /I"D:\cocos2d-x-2.2.3\cocos2d-x-2.2.3\projects\AStartPathFind\proj.win32\..\..\..\cocos2dx\platform\third_party\win32" /I"D:\cocos2d-x-2.2.3\cocos2d-x-2.2.3\projects\AStartPathFind\proj.win32\..\..\..\cocos2dx\platform\third_party\win32\OGLES" /I"D:\cocos2d-x-2.2.3\cocos2d-x-2.2.3\projects\AStartPathFind\proj.win32\..\..\..\external" /I"D:\cocos2d-x-2.2.3\cocos2d-x-2.2.3\projects\AStartPathFind\proj.win32\..\..\..\external\chipmunk\include\chipmunk" /I"D:\cocos2d-x-2.2.3\cocos2d-x-2.2.3\projects\AStartPathFind\proj.win32\..\..\..\CocosDenshion\include" /I"D:\cocos2d-x-2.2.3\cocos2d-x-2.2.3\projects\AStartPathFind\proj.win32\..\..\..\extensions" /I..\Classes /I.. /ZI /nologo /W3 /WX- /Od /Oy- /D WIN32 /D _DEBUG /D _WINDOWS /D _USE_MATH_DEFINES /D GL_GLEXT_PROTOTYPES /D CC_ENABLE_CHIPMUNK_INTEGRATION=1 /D COCOS2D_DEBUG=1 /D _CRT_SECURE_NO_WARNINGS /D _SCL_SECURE_NO_WARNINGS /D _UNICODE /D UNICODE /Gm /EHsc /RTC1 /MDd /GS /fp:precise /Zc:wchar_t /Zc:forScope /Fo"Debug.win32\\" /Fd"Debug.win32\vc110.pdb" /Gd /TP /wd4267 /wd4251 /wd4244 /analyze- /errorReport:prompt ..\Classes\AppDelegate.cpp ..\Classes\PlayLayer.cpp
         AppDelegate.cpp
         Generating Code...
         Compiling...
         PlayLayer.cpp
         Generating Code...
       PreLinkEvent:
         if not exist "D:\cocos2d-x-2.2.3\cocos2d-x-2.2.3\projects\AStartPathFind\proj.win32\Debug.win32\" mkdir "D:\cocos2d-x-2.2.3\cocos2d-x-2.2.3\projects\AStartPathFind\proj.win32\Debug.win32\"
         xcopy /Y /Q "D:\cocos2d-x-2.2.3\cocos2d-x-2.2.3\projects\AStartPathFind\proj.win32\..\..\..\external\libwebsockets\win32\lib\*.*" "D:\cocos2d-x-2.2.3\cocos2d-x-2.2.3\projects\AStartPathFind\proj.win32\Debug.win32\"
         :VCEnd
         复制了 2 个文件
       Link:
         E:\Program Files\Microsoft Visual Studio 11.0\VC\bin\link.exe /ERRORREPORT:PROMPT /OUT:"D:\cocos2d-x-2.2.3\cocos2d-x-2.2.3\projects\AStartPathFind\proj.win32\Debug.win32\AStartPathFind.exe" /INCREMENTAL /NOLOGO /LIBPATH:"D:\cocos2d-x-2.2.3\cocos2d-x-2.2.3\projects\AStartPathFind\proj.win32\Debug.win32\\" libExtensions.lib libcocos2d.lib libCocosDenshion.lib opengl32.lib glew32.lib libBox2d.lib libchipmunk.lib libcurl_imp.lib pthreadVCE2.lib websockets.lib kernel32.lib user32.lib gdi32.lib winspool.lib comdlg32.lib advapi32.lib shell32.lib ole32.lib oleaut32.lib uuid.lib odbc32.lib odbccp32.lib /MANIFEST /MANIFESTUAC:"level='asInvoker' uiAccess='false'" /manifest:embed /DEBUG /PDB:"D:\cocos2d-x-2.2.3\cocos2d-x-2.2.3\projects\AStartPathFind\proj.win32\Debug.win32\AStartPathFind.pdb" /SUBSYSTEM:WINDOWS /TLBID:1 /DYNAMICBASE /NXCOMPAT /IMPLIB:"D:\cocos2d-x-2.2.3\cocos2d-x-2.2.3\projects\AStartPathFind\proj.win32\Debug.win32\AStartPathFind.lib" /MACHINE:X86 /SAFESEH Debug.win32\AppDelegate.obj
         Debug.win32\Node.obj
         Debug.win32\PlayLayer.obj
         Debug.win32\main.obj
         "D:\cocos2d-x-2.2.3\cocos2d-x-2.2.3\projects\AStartPathFind\proj.win32\Debug.win32\libcocos2d.lib"
         "D:\cocos2d-x-2.2.3\cocos2d-x-2.2.3\projects\AStartPathFind\proj.win32\Debug.win32\libCocosDenshion.lib"
         "D:\cocos2d-x-2.2.3\cocos2d-x-2.2.3\projects\AStartPathFind\proj.win32\Debug.win32\libExtensions.lib"
         "D:\cocos2d-x-2.2.3\cocos2d-x-2.2.3\projects\AStartPathFind\proj.win32\Debug.win32\libBox2D.lib"
         "D:\cocos2d-x-2.2.3\cocos2d-x-2.2.3\projects\AStartPathFind\proj.win32\Debug.win32\libchipmunk.lib"
         AStartPathFind.vcxproj -> D:\cocos2d-x-2.2.3\cocos2d-x-2.2.3\projects\AStartPathFind\proj.win32\Debug.win32\AStartPathFind.exe
     1>Done Building Project "D:\cocos2d-x-2.2.3\cocos2d-x-2.2.3\projects\AStartPathFind\proj.win32\AStartPathFind.vcxproj" (Build target(s)).

Build succeeded.

Time Elapsed 00:00:04.12
